<?xml version="1.0" encoding="UTF-8"?>
<!-- Generated by org.testng.reporters.JUnitReportReporter -->
<testsuite hostname="MyLenovo" failures="0" tests="1" name="com.qa.opencart.tests.SearchTest" time="1.202" errors="0" timestamp="2025-05-25T07:01:44 IST" skipped="0">
  <testcase classname="com.qa.opencart.tests.SearchTest" name="searchTest" time="1.202"/>
  <system-out/>
</testsuite> <!-- com.qa.opencart.tests.SearchTest -->
