<?xml version="1.0" encoding="UTF-8"?>
<!-- Generated by org.testng.reporters.JUnitReportReporter -->
<testsuite hostname="MyLenovo" failures="0" tests="3" name="com.qa.opencart.tests.ProductInfoTest" time="5.722" errors="0" timestamp="2025-05-25T07:01:44 IST" skipped="0">
  <testcase classname="com.qa.opencart.tests.ProductInfoTest" name="getActualProductDetailsTest" time="1.751"/>
  <system-out/>
  <testcase classname="com.qa.opencart.tests.ProductInfoTest" name="getActualProductDetailsTest" time="2.247"/>
  <system-out/>
  <testcase classname="com.qa.opencart.tests.ProductInfoTest" name="getActualProductDetailsTest" time="1.724"/>
  <system-out/>
</testsuite> <!-- com.qa.opencart.tests.ProductInfoTest -->
