<?xml version="1.0" encoding="UTF-8"?>
<!-- Generated by org.testng.reporters.JUnitReportReporter -->
<testsuite hostname="MyLenovo" failures="0" tests="3" name="com.qa.opencart.tests.AccountPageTest" time="0.424" errors="0" timestamp="2025-05-25T07:01:44 IST" skipped="0">
  <testcase classname="com.qa.opencart.tests.AccountPageTest" name="pageTitleTest" time="0.034"/>
  <system-out/>
  <testcase classname="com.qa.opencart.tests.AccountPageTest" name="hearderCountTest" time="0.362"/>
  <system-out/>
  <testcase classname="com.qa.opencart.tests.AccountPageTest" name="pageUrlTest" time="0.028"/>
  <system-out/>
</testsuite> <!-- com.qa.opencart.tests.AccountPageTest -->
