<?xml version="1.0" encoding="UTF-8"?>
<!-- Generated by org.testng.reporters.JUnitReportReporter -->
<testsuite hostname="MyLenovo" failures="0" tests="3" name="com.qa.opencart.tests.AccountPageTest" time="0.269" errors="0" timestamp="2025-05-01T06:01:55 IST" skipped="0">
  <testcase classname="com.qa.opencart.tests.AccountPageTest" name="hearderCountTest" time="0.237"/>
  <system-out/>
  <testcase classname="com.qa.opencart.tests.AccountPageTest" name="pageTitleTest" time="0.016"/>
  <system-out/>
  <testcase classname="com.qa.opencart.tests.AccountPageTest" name="pageUrlTest" time="0.016"/>
  <system-out/>
</testsuite> <!-- com.qa.opencart.tests.AccountPageTest -->
