<?xml version="1.0" encoding="UTF-8"?>
<!-- Generated by org.testng.reporters.JUnitReportReporter -->
<testsuite hostname="MyLenovo" failures="0" tests="3" name="com.qa.opencart.tests.LoginPageTest" time="1.325" errors="0" timestamp="2025-05-25T07:01:44 IST" skipped="0">
  <testcase classname="com.qa.opencart.tests.LoginPageTest" name="pageUrlTest" time="0.027"/>
  <system-out/>
  <testcase classname="com.qa.opencart.tests.LoginPageTest" name="pageTitleTest" time="0.154"/>
  <system-out/>
  <testcase classname="com.qa.opencart.tests.LoginPageTest" name="loginTest" time="1.144"/>
  <system-out/>
</testsuite> <!-- com.qa.opencart.tests.LoginPageTest -->
