<?xml version="1.0" encoding="UTF-8"?>
<!-- Generated by org.testng.reporters.JUnitReportReporter -->
<testsuite hostname="MyLenovo" failures="0" tests="3" name="com.qa.opencart.tests.LoginPageTest" time="1.088" errors="0" timestamp="2025-04-30T06:35:11 IST" skipped="0">
  <testcase classname="com.qa.opencart.tests.LoginPageTest" name="pageUrlTest" time="0.034"/>
  <system-out/>
  <testcase classname="com.qa.opencart.tests.LoginPageTest" name="pageTitleTest" time="0.018"/>
  <system-out/>
  <testcase classname="com.qa.opencart.tests.LoginPageTest" name="loginTest" time="1.036"/>
  <system-out/>
</testsuite> <!-- com.qa.opencart.tests.LoginPageTest -->
