<?xml version="1.0" encoding="UTF-8"?>
<!-- Generated by org.testng.reporters.JUnitReportReporter -->
<testsuite hostname="MyLenovo" failures="0" tests="3" name="com.qa.opencart.tests.AccountPageTest" time="0.180" errors="0" timestamp="2025-04-30T06:35:11 IST" skipped="0">
  <testcase classname="com.qa.opencart.tests.AccountPageTest" name="pageTitleTest" time="0.010"/>
  <system-out/>
  <testcase classname="com.qa.opencart.tests.AccountPageTest" name="hearderCountTest" time="0.160"/>
  <system-out/>
  <testcase classname="com.qa.opencart.tests.AccountPageTest" name="pageUrlTest" time="0.010"/>
  <system-out/>
</testsuite> <!-- com.qa.opencart.tests.AccountPageTest -->
