<?xml version="1.0" encoding="UTF-8"?>
<!-- Generated by org.testng.reporters.JUnitReportReporter -->
<testsuite hostname="MyLenovo" failures="0" tests="3" name="com.qa.opencart.tests.ProductInfoTest" time="4.634" errors="0" timestamp="2025-04-30T06:35:11 IST" skipped="0">
  <testcase classname="com.qa.opencart.tests.ProductInfoTest" name="getActualProductDetailsTest" time="1.371"/>
  <system-out/>
  <testcase classname="com.qa.opencart.tests.ProductInfoTest" name="getActualProductDetailsTest" time="1.644"/>
  <system-out/>
  <testcase classname="com.qa.opencart.tests.ProductInfoTest" name="getActualProductDetailsTest" time="1.619"/>
  <system-out/>
</testsuite> <!-- com.qa.opencart.tests.ProductInfoTest -->
